<?xml version="1.0" encoding="UTF-8"?>
<!-- Generated by org.testng.reporters.JUnitReportReporter -->
<testsuite skipped="0" hostname="DESKTOP-DRQ6BLH" name="com.training.sanity.tests.EditCategory" tests="1" failures="0" timestamp="10 Sep 2019 11:17:28 GMT" time="26.998" errors="0">
  <testcase name="Testcase" time="26.998" classname="com.training.sanity.tests.EditCategory"/>
</testsuite> <!-- com.training.sanity.tests.EditCategory -->
