<?xml version="1.0" encoding="UTF-8"?>
<!-- Generated by org.testng.reporters.JUnitReportReporter -->
<testsuite skipped="0" hostname="DESKTOP-DRQ6BLH" name="com.training.sanity.tests.InvalidCredentialLoginTest" tests="1" failures="0" timestamp="10 Sep 2019 11:14:56 GMT" time="9.281" errors="0">
  <testcase name="Testcase" time="9.281" classname="com.training.sanity.tests.InvalidCredentialLoginTest"/>
</testsuite> <!-- com.training.sanity.tests.InvalidCredentialLoginTest -->
