<?xml version="1.0" encoding="UTF-8"?>
<!-- Generated by org.testng.reporters.JUnitReportReporter -->
<testsuite skipped="0" hostname="DESKTOP-DRQ6BLH" name="com.training.sanity.tests.Cart" tests="2" failures="0" timestamp="27 Aug 2019 05:05:04 GMT" time="30.329" errors="0">
  <testcase name="Testcase2" time="12.734" classname="com.training.sanity.tests.Cart"/>
  <testcase name="Testcase3" time="17.595" classname="com.training.sanity.tests.Cart"/>
</testsuite> <!-- com.training.sanity.tests.Cart -->
