<?xml version="1.0" encoding="UTF-8"?>
<!-- Generated by org.testng.reporters.JUnitReportReporter -->
<testsuite skipped="0" hostname="DESKTOP-DRQ6BLH" name="com.training.sanity.tests.LoginTests" tests="1" failures="0" timestamp="26 Aug 2019 10:05:38 GMT" time="11.262" errors="0">
  <testcase name="Testcase1" time="11.262" classname="com.training.sanity.tests.LoginTests"/>
</testsuite> <!-- com.training.sanity.tests.LoginTests -->
