<?xml version="1.0" encoding="UTF-8"?>
<!-- Generated by org.testng.reporters.JUnitReportReporter -->
<testsuite skipped="0" hostname="DESKTOP-DRQ6BLH" name="com.training.sanity.tests.AddCategory" tests="1" failures="0" timestamp="10 Sep 2019 11:16:21 GMT" time="18.919" errors="0">
  <testcase name="Testcase" time="18.919" classname="com.training.sanity.tests.AddCategory"/>
</testsuite> <!-- com.training.sanity.tests.AddCategory -->
