<?xml version="1.0" encoding="UTF-8"?>
<!-- Generated by org.testng.reporters.JUnitReportReporter -->
<testsuite skipped="0" hostname="DESKTOP-DRQ6BLH" name="com.training.sanity.tests.LoginTests1" tests="1" failures="0" timestamp="26 Aug 2019 09:45:57 GMT" time="21.723" errors="0">
  <testcase name="Testcase1" time="21.723" classname="com.training.sanity.tests.LoginTests1"/>
</testsuite> <!-- com.training.sanity.tests.LoginTests1 -->
